<?xml version="1.0" encoding="UTF-8"?>
<!-- Generated by org.testng.reporters.JUnitReportReporter -->
<testsuite skipped="0" hostname="DESKTOP-OMMHC59" name="com.qa.orangeHRM.testcases.LoginTest" tests="1" failures="0" timestamp="2021-08-20T20:29:03 IST" time="24.862" errors="0">
  <testcase name="VerifyLoginFunctionality" time="24.862" classname="com.qa.orangeHRM.testcases.LoginTest"/>
  <system-out/>
</testsuite> <!-- com.qa.orangeHRM.testcases.LoginTest -->
